#
# There is insufficient memory for the Java Runtime Environment to continue.
# Native memory allocation (mmap) failed to map 54525952 bytes. Error detail: G1 virtual space
# Possible reasons:
#   The system is out of physical RAM or swap space
#   This process is running with CompressedOops enabled, and the Java Heap may be blocking the growth of the native heap
# Possible solutions:
#   Reduce memory load on the system
#   Increase physical memory or swap space
#   Check if swap backing store is full
#   Decrease Java heap size (-Xmx/-Xms)
#   Decrease number of Java threads
#   Decrease Java thread stack sizes (-Xss)
#   Set larger code cache with -XX:ReservedCodeCacheSize=
#   JVM is running with Zero Based Compressed Oops mode in which the Java heap is
#     placed in the first 32GB address space. The Java Heap base address is the
#     maximum limit for the native heap growth. Please use -XX:HeapBaseMinAddress
#     to set the Java Heap base and to place the Java Heap above 32GB virtual address.
# This output file may be truncated or incomplete.
#
#  Out of Memory Error (os_windows.cpp:3703), pid=34096, tid=11748
#
# JRE version: Java(TM) SE Runtime Environment (23.0+37) (build 23+37-2369)
# Java VM: Java HotSpot(TM) 64-Bit Server VM (23+37-2369, mixed mode, sharing, tiered, compressed oops, compressed class ptrs, g1 gc, windows-amd64)
# No core dump will be written. Minidumps are not enabled by default on client versions of Windows
#

---------------  S U M M A R Y ------------

Command Line: -javaagent:C:\Program Files\JetBrains\IntelliJ IDEA Community Edition 2024.2.3\lib\idea_rt.jar=62223:C:\Program Files\JetBrains\IntelliJ IDEA Community Edition 2024.2.3\bin -Dfile.encoding=UTF-8 -Dsun.stdout.encoding=UTF-8 -Dsun.stderr.encoding=UTF-8 org.example.Main

Host: Intel(R) Core(TM) i5-9600K CPU @ 3.70GHz, 6 cores, 15G,  Windows 10 , 64 bit Build 19041 (10.0.19041.4957)
Time: Tue Oct 22 13:24:34 2024 Central Daylight Time elapsed time: 0.950542 seconds (0d 0h 0m 0s)

---------------  T H R E A D  ---------------

Current thread (0x00000296f7da6060):  VMThread "VM Thread"          [id=11748, stack(0x000000f502900000,0x000000f502a00000) (1024K)]

Stack: [0x000000f502900000,0x000000f502a00000]
Native frames: (J=compiled Java code, j=interpreted, Vv=VM code, C=native code)
V  [jvm.dll+0x6e08a9]  (no source info available)
V  [jvm.dll+0x87da63]  (no source info available)
V  [jvm.dll+0x87feee]  (no source info available)
V  [jvm.dll+0x8805c3]  (no source info available)
V  [jvm.dll+0x27aee6]  (no source info available)
V  [jvm.dll+0x6dd1b5]  (no source info available)
V  [jvm.dll+0x6d103a]  (no source info available)
V  [jvm.dll+0x35b3ea]  (no source info available)
V  [jvm.dll+0x3637f6]  (no source info available)
V  [jvm.dll+0x34fd5e]  (no source info available)
V  [jvm.dll+0x34fff8]  (no source info available)
V  [jvm.dll+0x3289cc]  (no source info available)
V  [jvm.dll+0x328a5a]  (no source info available)
V  [jvm.dll+0x374c92]  (no source info available)
V  [jvm.dll+0x373392]  (no source info available)
V  [jvm.dll+0x3281a7]  (no source info available)
V  [jvm.dll+0x372b44]  (no source info available)
V  [jvm.dll+0x886500]  (no source info available)
V  [jvm.dll+0x887827]  (no source info available)
V  [jvm.dll+0x887d58]  (no source info available)
V  [jvm.dll+0x887ff3]  (no source info available)
V  [jvm.dll+0x824f1b]  (no source info available)
V  [jvm.dll+0x6df055]  (no source info available)
C  [ucrtbase.dll+0x21bb2]  (no source info available)
C  [KERNEL32.DLL+0x17374]  (no source info available)
C  [ntdll.dll+0x4cc91]  (no source info available)

VM_Operation (0x000000f5022fe380): G1CollectForAllocation, mode: safepoint, requested by thread 0x00000296d6984d70


---------------  P R O C E S S  ---------------

Threads class SMR info:
_java_thread_list=0x00000296c5405ab0, length=13, elements={
0x00000296d6984d70, 0x00000296f7dbfa10, 0x00000296f7dc17e0, 0x00000296f7dc3380,
0x00000296f7dc6140, 0x00000296f7dc7340, 0x00000296f7dc7da0, 0x00000296f7dc92d0,
0x00000296f7dd21f0, 0x00000296c50ea720, 0x00000296c53df900, 0x00000296c536efa0,
0x00000296c54050c0
}

Java Threads: ( => current thread )
  0x00000296d6984d70 JavaThread "main"                              [_thread_blocked, id=45744, stack(0x000000f502200000,0x000000f502300000) (1024K)]
  0x00000296f7dbfa10 JavaThread "Reference Handler"          daemon [_thread_blocked, id=53056, stack(0x000000f502a00000,0x000000f502b00000) (1024K)]
  0x00000296f7dc17e0 JavaThread "Finalizer"                  daemon [_thread_blocked, id=3364, stack(0x000000f502b00000,0x000000f502c00000) (1024K)]
  0x00000296f7dc3380 JavaThread "Signal Dispatcher"          daemon [_thread_blocked, id=20592, stack(0x000000f502c00000,0x000000f502d00000) (1024K)]
  0x00000296f7dc6140 JavaThread "Attach Listener"            daemon [_thread_blocked, id=43896, stack(0x000000f502d00000,0x000000f502e00000) (1024K)]
  0x00000296f7dc7340 JavaThread "Service Thread"             daemon [_thread_blocked, id=40292, stack(0x000000f502e00000,0x000000f502f00000) (1024K)]
  0x00000296f7dc7da0 JavaThread "Monitor Deflation Thread"   daemon [_thread_blocked, id=39860, stack(0x000000f502f00000,0x000000f503000000) (1024K)]
  0x00000296f7dc92d0 JavaThread "C2 CompilerThread0"         daemon [_thread_blocked, id=22608, stack(0x000000f503000000,0x000000f503100000) (1024K)]
  0x00000296f7dd21f0 JavaThread "C1 CompilerThread0"         daemon [_thread_blocked, id=33508, stack(0x000000f503100000,0x000000f503200000) (1024K)]
  0x00000296c50ea720 JavaThread "Common-Cleaner"             daemon [_thread_blocked, id=50584, stack(0x000000f503200000,0x000000f503300000) (1024K)]
  0x00000296c53df900 JavaThread "C2 CompilerThread1"         daemon [_thread_blocked, id=5832, stack(0x000000f503300000,0x000000f503400000) (1024K)]
  0x00000296c536efa0 JavaThread "Monitor Ctrl-Break"         daemon [_thread_in_native, id=49340, stack(0x000000f503400000,0x000000f503500000) (1024K)]
  0x00000296c54050c0 JavaThread "Notification Thread"        daemon [_thread_blocked, id=52872, stack(0x000000f503500000,0x000000f503600000) (1024K)]
Total: 13

Other Threads:
=>0x00000296f7da6060 VMThread "VM Thread"                           [id=11748, stack(0x000000f502900000,0x000000f502a00000) (1024K)]
  0x00000296f7d944d0 WatcherThread "VM Periodic Task Thread"        [id=44856, stack(0x000000f502800000,0x000000f502900000) (1024K)]
  0x00000296d8c6d3b0 WorkerThread "GC Thread#0"                     [id=44608, stack(0x000000f502300000,0x000000f502400000) (1024K)]
  0x00000296c56340a0 WorkerThread "GC Thread#1"                     [id=2712, stack(0x000000f503600000,0x000000f503700000) (1024K)]
  0x00000296c573b360 WorkerThread "GC Thread#2"                     [id=46940, stack(0x000000f503700000,0x000000f503800000) (1024K)]
  0x00000296c573b710 WorkerThread "GC Thread#3"                     [id=1324, stack(0x000000f503800000,0x000000f503900000) (1024K)]
  0x00000296c573bf40 WorkerThread "GC Thread#4"                     [id=20816, stack(0x000000f503900000,0x000000f503a00000) (1024K)]
  0x00000296c573cb00 WorkerThread "GC Thread#5"                     [id=51688, stack(0x000000f503a00000,0x000000f503b00000) (1024K)]
  0x00000296d8c82230 ConcurrentGCThread "G1 Main Marker"            [id=6700, stack(0x000000f502400000,0x000000f502500000) (1024K)]
  0x00000296d8c82d40 WorkerThread "G1 Conc#0"                       [id=42988, stack(0x000000f502500000,0x000000f502600000) (1024K)]
  0x00000296f7c5a530 ConcurrentGCThread "G1 Refine#0"               [id=49092, stack(0x000000f502600000,0x000000f502700000) (1024K)]
  0x00000296f7c5af50 ConcurrentGCThread "G1 Service"                [id=31840, stack(0x000000f502700000,0x000000f502800000) (1024K)]
Total: 12

Threads with active compile tasks:
C2 CompilerThread0  1006 2072       4       org.apache.pdfbox.text.PDFTextStripper::processTextPosition (655 bytes)
C2 CompilerThread1  1006 2048       4       org.apache.pdfbox.contentstream.PDFStreamEngine::showText (286 bytes)
Total: 2

VM state: at safepoint (normal execution)

VM Mutex/Monitor currently owned by a thread:  ([mutex/lock_event])
[0x00007ff8f0563910] Threads_lock - owner thread: 0x00000296f7da6060
[0x00007ff8f0563a10] Heap_lock - owner thread: 0x00000296d6984d70

Heap address: 0x0000000701600000, size: 4074 MB, Compressed Oops mode: Zero based, Oop shift amount: 3

CDS archive(s) mapped at: [0x0000029680000000-0x0000029680d70000-0x0000029680d70000), size 14090240, SharedBaseAddress: 0x0000029680000000, ArchiveRelocationMode: 1.
Compressed class space mapped at: 0x0000029681000000-0x00000296c1000000, reserved size: 1073741824
Narrow klass base: 0x0000029680000000, Narrow klass shift: 0, Narrow klass range: 0x41000000

GC Precious Log:
 CardTable entry size: 512
 Card Set container configuration: InlinePtr #cards 4 size 8 Array Of Cards #cards 16 size 48 Howl #buckets 8 coarsen threshold 3686 Howl Bitmap #cards 512 size 80 coarsen threshold 460 Card regions per heap region 1 cards per card region 4096
 CPUs: 6 total, 6 available
 Memory: 16291M
 Large Page Support: Disabled
 NUMA Support: Disabled
 Compressed Oops: Enabled (Zero based)
 Heap Region Size: 2M
 Heap Min Capacity: 8M
 Heap Initial Capacity: 256M
 Heap Max Capacity: 4074M
 Pre-touch: Disabled
 Parallel Workers: 6
 Concurrent Workers: 2
 Concurrent Refinement Workers: 6
 Periodic GC: Disabled

Heap:
 garbage-first heap   total reserved 4171776K, committed 262144K, used 20277K [0x0000000701600000, 0x0000000800000000)
  region size 2048K, 2 young (4096K), 2 survivors (4096K)
 Metaspace       used 8044K, committed 8320K, reserved 1114112K
  class space    used 760K, committed 896K, reserved 1048576K

Heap Regions: E=young(eden), S=young(survivor), O=old, HS=humongous(starts), HC=humongous(continues), CS=collection set, F=free, TAMS=top-at-mark-start, PB=parsable bottom
|   0|0x0000000701600000, 0x0000000701800000, 0x0000000701800000|100%| O|  |TAMS 0x0000000701600000| PB 0x0000000701600000| Untracked |  0
|   1|0x0000000701800000, 0x0000000701a00000, 0x0000000701a00000|100%| O|  |TAMS 0x0000000701800000| PB 0x0000000701800000| Untracked |  0
|   2|0x0000000701a00000, 0x0000000701c00000, 0x0000000701c00000|100%| O|  |TAMS 0x0000000701a00000| PB 0x0000000701a00000| Untracked |  0
|   3|0x0000000701c00000, 0x0000000701e00000, 0x0000000701e00000|100%| O|  |TAMS 0x0000000701c00000| PB 0x0000000701c00000| Untracked |  0
|   4|0x0000000701e00000, 0x0000000702000000, 0x0000000702000000|100%| O|  |TAMS 0x0000000701e00000| PB 0x0000000701e00000| Untracked |  0
|   5|0x0000000702000000, 0x0000000702200000, 0x0000000702200000|100%| O|  |TAMS 0x0000000702000000| PB 0x0000000702000000| Untracked |  0
|   6|0x0000000702200000, 0x0000000702400000, 0x0000000702400000|100%| O|  |TAMS 0x0000000702200000| PB 0x0000000702200000| Untracked |  0
|   7|0x0000000702400000, 0x0000000702600000, 0x0000000702600000|100%| O|  |TAMS 0x0000000702400000| PB 0x0000000702400000| Untracked |  0
|   8|0x0000000702600000, 0x00000007026f1af0, 0x0000000702800000| 47%| O|  |TAMS 0x0000000702600000| PB 0x0000000702600000| Untracked |  0
|   9|0x0000000702800000, 0x0000000702800000, 0x0000000702a00000|  0%| F|  |TAMS 0x0000000702800000| PB 0x0000000702800000| Untracked |  0
|  10|0x0000000702a00000, 0x0000000702a00000, 0x0000000702c00000|  0%| F|  |TAMS 0x0000000702a00000| PB 0x0000000702a00000| Untracked |  0
|  11|0x0000000702c00000, 0x0000000702c00000, 0x0000000702e00000|  0%| F|  |TAMS 0x0000000702c00000| PB 0x0000000702c00000| Untracked |  0
|  12|0x0000000702e00000, 0x0000000702e00000, 0x0000000703000000|  0%| F|  |TAMS 0x0000000702e00000| PB 0x0000000702e00000| Untracked |  0
|  13|0x0000000703000000, 0x0000000703000000, 0x0000000703200000|  0%| F|  |TAMS 0x0000000703000000| PB 0x0000000703000000| Untracked |  0
|  14|0x0000000703200000, 0x0000000703200000, 0x0000000703400000|  0%| F|  |TAMS 0x0000000703200000| PB 0x0000000703200000| Untracked |  0
|  15|0x0000000703400000, 0x0000000703400000, 0x0000000703600000|  0%| F|  |TAMS 0x0000000703400000| PB 0x0000000703400000| Untracked |  0
|  16|0x0000000703600000, 0x0000000703600000, 0x0000000703800000|  0%| F|  |TAMS 0x0000000703600000| PB 0x0000000703600000| Untracked |  0
|  17|0x0000000703800000, 0x0000000703800000, 0x0000000703a00000|  0%| F|  |TAMS 0x0000000703800000| PB 0x0000000703800000| Untracked |  0
|  18|0x0000000703a00000, 0x0000000703a00000, 0x0000000703c00000|  0%| F|  |TAMS 0x0000000703a00000| PB 0x0000000703a00000| Untracked |  0
|  19|0x0000000703c00000, 0x0000000703c00000, 0x0000000703e00000|  0%| F|  |TAMS 0x0000000703c00000| PB 0x0000000703c00000| Untracked |  0
|  20|0x0000000703e00000, 0x0000000703e00000, 0x0000000704000000|  0%| F|  |TAMS 0x0000000703e00000| PB 0x0000000703e00000| Untracked |  0
|  21|0x0000000704000000, 0x0000000704000000, 0x0000000704200000|  0%| F|  |TAMS 0x0000000704000000| PB 0x0000000704000000| Untracked |  0
|  22|0x0000000704200000, 0x0000000704200000, 0x0000000704400000|  0%| F|  |TAMS 0x0000000704200000| PB 0x0000000704200000| Untracked |  0
|  23|0x0000000704400000, 0x0000000704400000, 0x0000000704600000|  0%| F|  |TAMS 0x0000000704400000| PB 0x0000000704400000| Untracked |  0
|  24|0x0000000704600000, 0x0000000704600000, 0x0000000704800000|  0%| F|  |TAMS 0x0000000704600000| PB 0x0000000704600000| Untracked |  0
|  25|0x0000000704800000, 0x0000000704800000, 0x0000000704a00000|  0%| F|  |TAMS 0x0000000704800000| PB 0x0000000704800000| Untracked |  0
|  26|0x0000000704a00000, 0x0000000704a00000, 0x0000000704c00000|  0%| F|  |TAMS 0x0000000704a00000| PB 0x0000000704a00000| Untracked |  0
|  27|0x0000000704c00000, 0x0000000704c00000, 0x0000000704e00000|  0%| F|  |TAMS 0x0000000704c00000| PB 0x0000000704c00000| Untracked |  0
|  28|0x0000000704e00000, 0x0000000704e00000, 0x0000000705000000|  0%| F|  |TAMS 0x0000000704e00000| PB 0x0000000704e00000| Untracked |  0
|  29|0x0000000705000000, 0x0000000705000000, 0x0000000705200000|  0%| F|  |TAMS 0x0000000705000000| PB 0x0000000705000000| Untracked |  0
|  30|0x0000000705200000, 0x0000000705200000, 0x0000000705400000|  0%| F|  |TAMS 0x0000000705200000| PB 0x0000000705200000| Untracked |  0
|  31|0x0000000705400000, 0x0000000705400000, 0x0000000705600000|  0%| F|  |TAMS 0x0000000705400000| PB 0x0000000705400000| Untracked |  0
|  32|0x0000000705600000, 0x0000000705600000, 0x0000000705800000|  0%| F|  |TAMS 0x0000000705600000| PB 0x0000000705600000| Untracked |  0
|  33|0x0000000705800000, 0x0000000705800000, 0x0000000705a00000|  0%| F|  |TAMS 0x0000000705800000| PB 0x0000000705800000| Untracked |  0
|  34|0x0000000705a00000, 0x0000000705a00000, 0x0000000705c00000|  0%| F|  |TAMS 0x0000000705a00000| PB 0x0000000705a00000| Untracked |  0
|  35|0x0000000705c00000, 0x0000000705c00000, 0x0000000705e00000|  0%| F|  |TAMS 0x0000000705c00000| PB 0x0000000705c00000| Untracked |  0
|  36|0x0000000705e00000, 0x0000000705e00000, 0x0000000706000000|  0%| F|  |TAMS 0x0000000705e00000| PB 0x0000000705e00000| Untracked |  0
|  37|0x0000000706000000, 0x0000000706000000, 0x0000000706200000|  0%| F|  |TAMS 0x0000000706000000| PB 0x0000000706000000| Untracked |  0
|  38|0x0000000706200000, 0x0000000706200000, 0x0000000706400000|  0%| F|  |TAMS 0x0000000706200000| PB 0x0000000706200000| Untracked |  0
|  39|0x0000000706400000, 0x0000000706400000, 0x0000000706600000|  0%| F|  |TAMS 0x0000000706400000| PB 0x0000000706400000| Untracked |  0
|  40|0x0000000706600000, 0x0000000706600000, 0x0000000706800000|  0%| F|  |TAMS 0x0000000706600000| PB 0x0000000706600000| Untracked |  0
|  41|0x0000000706800000, 0x0000000706800000, 0x0000000706a00000|  0%| F|  |TAMS 0x0000000706800000| PB 0x0000000706800000| Untracked |  0
|  42|0x0000000706a00000, 0x0000000706a00000, 0x0000000706c00000|  0%| F|  |TAMS 0x0000000706a00000| PB 0x0000000706a00000| Untracked |  0
|  43|0x0000000706c00000, 0x0000000706c00000, 0x0000000706e00000|  0%| F|  |TAMS 0x0000000706c00000| PB 0x0000000706c00000| Untracked |  0
|  44|0x0000000706e00000, 0x0000000706e00000, 0x0000000707000000|  0%| F|  |TAMS 0x0000000706e00000| PB 0x0000000706e00000| Untracked |  0
|  45|0x0000000707000000, 0x0000000707000000, 0x0000000707200000|  0%| F|  |TAMS 0x0000000707000000| PB 0x0000000707000000| Untracked |  0
|  46|0x0000000707200000, 0x0000000707200000, 0x0000000707400000|  0%| F|  |TAMS 0x0000000707200000| PB 0x0000000707200000| Untracked |  0
|  47|0x0000000707400000, 0x0000000707400000, 0x0000000707600000|  0%| F|  |TAMS 0x0000000707400000| PB 0x0000000707400000| Untracked |  0
|  48|0x0000000707600000, 0x0000000707600000, 0x0000000707800000|  0%| F|  |TAMS 0x0000000707600000| PB 0x0000000707600000| Untracked |  0
|  49|0x0000000707800000, 0x0000000707800000, 0x0000000707a00000|  0%| F|  |TAMS 0x0000000707800000| PB 0x0000000707800000| Untracked |  0
|  50|0x0000000707a00000, 0x0000000707a00000, 0x0000000707c00000|  0%| F|  |TAMS 0x0000000707a00000| PB 0x0000000707a00000| Untracked |  0
|  51|0x0000000707c00000, 0x0000000707c00000, 0x0000000707e00000|  0%| F|  |TAMS 0x0000000707c00000| PB 0x0000000707c00000| Untracked |  0
|  52|0x0000000707e00000, 0x0000000707e00000, 0x0000000708000000|  0%| F|  |TAMS 0x0000000707e00000| PB 0x0000000707e00000| Untracked |  0
|  53|0x0000000708000000, 0x0000000708000000, 0x0000000708200000|  0%| F|  |TAMS 0x0000000708000000| PB 0x0000000708000000| Untracked |  0
|  54|0x0000000708200000, 0x0000000708200000, 0x0000000708400000|  0%| F|  |TAMS 0x0000000708200000| PB 0x0000000708200000| Untracked |  0
|  55|0x0000000708400000, 0x0000000708400000, 0x0000000708600000|  0%| F|  |TAMS 0x0000000708400000| PB 0x0000000708400000| Untracked |  0
|  56|0x0000000708600000, 0x0000000708600000, 0x0000000708800000|  0%| F|  |TAMS 0x0000000708600000| PB 0x0000000708600000| Untracked |  0
|  57|0x0000000708800000, 0x0000000708800000, 0x0000000708a00000|  0%| F|  |TAMS 0x0000000708800000| PB 0x0000000708800000| Untracked |  0
|  58|0x0000000708a00000, 0x0000000708a00000, 0x0000000708c00000|  0%| F|  |TAMS 0x0000000708a00000| PB 0x0000000708a00000| Untracked |  0
|  59|0x0000000708c00000, 0x0000000708c00000, 0x0000000708e00000|  0%| F|  |TAMS 0x0000000708c00000| PB 0x0000000708c00000| Untracked |  0
|  60|0x0000000708e00000, 0x0000000708e00000, 0x0000000709000000|  0%| F|  |TAMS 0x0000000708e00000| PB 0x0000000708e00000| Untracked |  0
|  61|0x0000000709000000, 0x0000000709000000, 0x0000000709200000|  0%| F|  |TAMS 0x0000000709000000| PB 0x0000000709000000| Untracked |  0
|  62|0x0000000709200000, 0x0000000709200000, 0x0000000709400000|  0%| F|  |TAMS 0x0000000709200000| PB 0x0000000709200000| Untracked |  0
|  63|0x0000000709400000, 0x0000000709400000, 0x0000000709600000|  0%| F|  |TAMS 0x0000000709400000| PB 0x0000000709400000| Untracked |  0
|  64|0x0000000709600000, 0x0000000709600000, 0x0000000709800000|  0%| F|  |TAMS 0x0000000709600000| PB 0x0000000709600000| Untracked |  0
|  65|0x0000000709800000, 0x0000000709800000, 0x0000000709a00000|  0%| F|  |TAMS 0x0000000709800000| PB 0x0000000709800000| Untracked |  0
|  66|0x0000000709a00000, 0x0000000709a00000, 0x0000000709c00000|  0%| F|  |TAMS 0x0000000709a00000| PB 0x0000000709a00000| Untracked |  0
|  67|0x0000000709c00000, 0x0000000709c00000, 0x0000000709e00000|  0%| F|  |TAMS 0x0000000709c00000| PB 0x0000000709c00000| Untracked |  0
|  68|0x0000000709e00000, 0x0000000709e00000, 0x000000070a000000|  0%| F|  |TAMS 0x0000000709e00000| PB 0x0000000709e00000| Untracked |  0
|  69|0x000000070a000000, 0x000000070a000000, 0x000000070a200000|  0%| F|  |TAMS 0x000000070a000000| PB 0x000000070a000000| Untracked |  0
|  70|0x000000070a200000, 0x000000070a200000, 0x000000070a400000|  0%| F|  |TAMS 0x000000070a200000| PB 0x000000070a200000| Untracked |  0
|  71|0x000000070a400000, 0x000000070a400000, 0x000000070a600000|  0%| F|  |TAMS 0x000000070a400000| PB 0x000000070a400000| Untracked |  0
|  72|0x000000070a600000, 0x000000070a600000, 0x000000070a800000|  0%| F|  |TAMS 0x000000070a600000| PB 0x000000070a600000| Untracked |  0
|  73|0x000000070a800000, 0x000000070a800000, 0x000000070aa00000|  0%| F|  |TAMS 0x000000070a800000| PB 0x000000070a800000| Untracked |  0
|  74|0x000000070aa00000, 0x000000070aa00000, 0x000000070ac00000|  0%| F|  |TAMS 0x000000070aa00000| PB 0x000000070aa00000| Untracked |  0
|  75|0x000000070ac00000, 0x000000070ac00000, 0x000000070ae00000|  0%| F|  |TAMS 0x000000070ac00000| PB 0x000000070ac00000| Untracked |  0
|  76|0x000000070ae00000, 0x000000070ae00000, 0x000000070b000000|  0%| F|  |TAMS 0x000000070ae00000| PB 0x000000070ae00000| Untracked |  0
|  77|0x000000070b000000, 0x000000070b000000, 0x000000070b200000|  0%| F|  |TAMS 0x000000070b000000| PB 0x000000070b000000| Untracked |  0
|  78|0x000000070b200000, 0x000000070b200000, 0x000000070b400000|  0%| F|  |TAMS 0x000000070b200000| PB 0x000000070b200000| Untracked |  0
|  79|0x000000070b400000, 0x000000070b400000, 0x000000070b600000|  0%| F|  |TAMS 0x000000070b400000| PB 0x000000070b400000| Untracked |  0
|  80|0x000000070b600000, 0x000000070b600000, 0x000000070b800000|  0%| F|  |TAMS 0x000000070b600000| PB 0x000000070b600000| Untracked |  0
|  81|0x000000070b800000, 0x000000070b800000, 0x000000070ba00000|  0%| F|  |TAMS 0x000000070b800000| PB 0x000000070b800000| Untracked |  0
|  82|0x000000070ba00000, 0x000000070badb920, 0x000000070bc00000| 42%| S|CS|TAMS 0x000000070ba00000| PB 0x000000070ba00000| Complete |  0
|  83|0x000000070bc00000, 0x000000070be00000, 0x000000070be00000|100%| S|CS|TAMS 0x000000070bc00000| PB 0x000000070bc00000| Complete |  0
|  84|0x000000070be00000, 0x000000070be00000, 0x000000070c000000|  0%| F|  |TAMS 0x000000070be00000| PB 0x000000070be00000| Untracked |  0
|  85|0x000000070c000000, 0x000000070c000000, 0x000000070c200000|  0%| F|  |TAMS 0x000000070c000000| PB 0x000000070c000000| Untracked |  0
|  86|0x000000070c200000, 0x000000070c200000, 0x000000070c400000|  0%| F|  |TAMS 0x000000070c200000| PB 0x000000070c200000| Untracked |  0
|  87|0x000000070c400000, 0x000000070c400000, 0x000000070c600000|  0%| F|  |TAMS 0x000000070c400000| PB 0x000000070c400000| Untracked |  0
|  88|0x000000070c600000, 0x000000070c600000, 0x000000070c800000|  0%| F|  |TAMS 0x000000070c600000| PB 0x000000070c600000| Untracked |  0
|  89|0x000000070c800000, 0x000000070c800000, 0x000000070ca00000|  0%| F|  |TAMS 0x000000070c800000| PB 0x000000070c800000| Untracked |  0
|  90|0x000000070ca00000, 0x000000070ca00000, 0x000000070cc00000|  0%| F|  |TAMS 0x000000070ca00000| PB 0x000000070ca00000| Untracked |  0
|  91|0x000000070cc00000, 0x000000070cc00000, 0x000000070ce00000|  0%| F|  |TAMS 0x000000070cc00000| PB 0x000000070cc00000| Untracked |  0
|  92|0x000000070ce00000, 0x000000070ce00000, 0x000000070d000000|  0%| F|  |TAMS 0x000000070ce00000| PB 0x000000070ce00000| Untracked |  0
|  93|0x000000070d000000, 0x000000070d000000, 0x000000070d200000|  0%| F|  |TAMS 0x000000070d000000| PB 0x000000070d000000| Untracked |  0
|  94|0x000000070d200000, 0x000000070d200000, 0x000000070d400000|  0%| F|  |TAMS 0x000000070d200000| PB 0x000000070d200000| Untracked |  0
|  95|0x000000070d400000, 0x000000070d400000, 0x000000070d600000|  0%| F|  |TAMS 0x000000070d400000| PB 0x000000070d400000| Untracked |  0
|  96|0x000000070d600000, 0x000000070d600000, 0x000000070d800000|  0%| F|  |TAMS 0x000000070d600000| PB 0x000000070d600000| Untracked |  0
|  97|0x000000070d800000, 0x000000070d800000, 0x000000070da00000|  0%| F|  |TAMS 0x000000070d800000| PB 0x000000070d800000| Untracked |  0
|  98|0x000000070da00000, 0x000000070da00000, 0x000000070dc00000|  0%| F|  |TAMS 0x000000070da00000| PB 0x000000070da00000| Untracked |  0
|  99|0x000000070dc00000, 0x000000070dc00000, 0x000000070de00000|  0%| F|  |TAMS 0x000000070dc00000| PB 0x000000070dc00000| Untracked |  0
| 100|0x000000070de00000, 0x000000070de00000, 0x000000070e000000|  0%| F|  |TAMS 0x000000070de00000| PB 0x000000070de00000| Untracked |  0
| 101|0x000000070e000000, 0x000000070e000000, 0x000000070e200000|  0%| F|  |TAMS 0x000000070e000000| PB 0x000000070e000000| Untracked |  0
| 102|0x000000070e200000, 0x000000070e200000, 0x000000070e400000|  0%| F|  |TAMS 0x000000070e200000| PB 0x000000070e200000| Untracked |  0
| 103|0x000000070e400000, 0x000000070e400000, 0x000000070e600000|  0%| F|  |TAMS 0x000000070e400000| PB 0x000000070e400000| Untracked |  0
| 104|0x000000070e600000, 0x000000070e600000, 0x000000070e800000|  0%| F|  |TAMS 0x000000070e600000| PB 0x000000070e600000| Untracked |  0
| 105|0x000000070e800000, 0x000000070e800000, 0x000000070ea00000|  0%| F|  |TAMS 0x000000070e800000| PB 0x000000070e800000| Untracked |  0
| 106|0x000000070ea00000, 0x000000070ea00000, 0x000000070ec00000|  0%| F|  |TAMS 0x000000070ea00000| PB 0x000000070ea00000| Untracked |  0
| 107|0x000000070ec00000, 0x000000070ec00000, 0x000000070ee00000|  0%| F|  |TAMS 0x000000070ec00000| PB 0x000000070ec00000| Untracked |  0
| 108|0x000000070ee00000, 0x000000070ee00000, 0x000000070f000000|  0%| F|  |TAMS 0x000000070ee00000| PB 0x000000070ee00000| Untracked |  0
| 109|0x000000070f000000, 0x000000070f000000, 0x000000070f200000|  0%| F|  |TAMS 0x000000070f000000| PB 0x000000070f000000| Untracked |  0
| 110|0x000000070f200000, 0x000000070f200000, 0x000000070f400000|  0%| F|  |TAMS 0x000000070f200000| PB 0x000000070f200000| Untracked |  0
| 111|0x000000070f400000, 0x000000070f400000, 0x000000070f600000|  0%| F|  |TAMS 0x000000070f400000| PB 0x000000070f400000| Untracked |  0
| 112|0x000000070f600000, 0x000000070f600000, 0x000000070f800000|  0%| F|  |TAMS 0x000000070f600000| PB 0x000000070f600000| Untracked |  0
| 113|0x000000070f800000, 0x000000070f800000, 0x000000070fa00000|  0%| F|  |TAMS 0x000000070f800000| PB 0x000000070f800000| Untracked |  0
| 114|0x000000070fa00000, 0x000000070fa00000, 0x000000070fc00000|  0%| F|  |TAMS 0x000000070fa00000| PB 0x000000070fa00000| Untracked |  0
| 115|0x000000070fc00000, 0x000000070fc00000, 0x000000070fe00000|  0%| F|  |TAMS 0x000000070fc00000| PB 0x000000070fc00000| Untracked |  0
| 116|0x000000070fe00000, 0x000000070fe00000, 0x0000000710000000|  0%| F|  |TAMS 0x000000070fe00000| PB 0x000000070fe00000| Untracked |  0
| 117|0x0000000710000000, 0x0000000710000000, 0x0000000710200000|  0%| F|  |TAMS 0x0000000710000000| PB 0x0000000710000000| Untracked |  0
| 118|0x0000000710200000, 0x0000000710200000, 0x0000000710400000|  0%| F|  |TAMS 0x0000000710200000| PB 0x0000000710200000| Untracked |  0
| 119|0x0000000710400000, 0x0000000710400000, 0x0000000710600000|  0%| F|  |TAMS 0x0000000710400000| PB 0x0000000710400000| Untracked |  0
| 120|0x0000000710600000, 0x0000000710600000, 0x0000000710800000|  0%| F|  |TAMS 0x0000000710600000| PB 0x0000000710600000| Untracked |  0
| 121|0x0000000710800000, 0x0000000710800000, 0x0000000710a00000|  0%| F|  |TAMS 0x0000000710800000| PB 0x0000000710800000| Untracked |  0
| 122|0x0000000710a00000, 0x0000000710a00000, 0x0000000710c00000|  0%| F|  |TAMS 0x0000000710a00000| PB 0x0000000710a00000| Untracked |  0
| 123|0x0000000710c00000, 0x0000000710c00000, 0x0000000710e00000|  0%| F|  |TAMS 0x0000000710c00000| PB 0x0000000710c00000| Untracked |  0
| 124|0x0000000710e00000, 0x0000000710e00000, 0x0000000711000000|  0%| F|  |TAMS 0x0000000710e00000| PB 0x0000000710e00000| Untracked |  0
| 125|0x0000000711000000, 0x0000000711000000, 0x0000000711200000|  0%| F|  |TAMS 0x0000000711000000| PB 0x0000000711000000| Untracked |  0
| 126|0x0000000711200000, 0x0000000711200000, 0x0000000711400000|  0%| F|  |TAMS 0x0000000711200000| PB 0x0000000711200000| Untracked |  0
| 127|0x0000000711400000, 0x0000000711400000, 0x0000000711600000|  0%| F|  |TAMS 0x0000000711400000| PB 0x0000000711400000| Untracked |  0

Card table byte_map: [0x00000296f0d60000,0x00000296f1560000] _byte_map_base: 0x00000296ed555000

Marking Bits: (CMBitMap*) 0x00000296d8c6dac0
 Bits: [0x00000296f1560000, 0x00000296f5508000)

Polling page: 0x00000296d83d0000

Metaspace:

Usage:
  Non-class:      7.11 MB used.
      Class:    760.98 KB used.
       Both:      7.86 MB used.

Virtual space:
  Non-class space:       64.00 MB reserved,       7.25 MB ( 11%) committed,  1 nodes.
      Class space:        1.00 GB reserved,     896.00 KB ( <1%) committed,  1 nodes.
             Both:        1.06 GB reserved,       8.12 MB ( <1%) committed. 

Chunk freelists:
   Non-Class:  8.36 MB
       Class:  15.17 MB
        Both:  23.53 MB

MaxMetaspaceSize: unlimited
CompressedClassSpaceSize: 1.00 GB
Initial GC threshold: 21.00 MB
Current GC threshold: 21.00 MB
CDS: on
 - commit_granule_bytes: 65536.
 - commit_granule_words: 8192.
 - virtual_space_node_default_size: 8388608.
 - enlarge_chunks_in_place: 1.
 - use_allocation_guard: 0.


Internal statistics:

num_allocs_failed_limit: 0.
num_arena_births: 116.
num_arena_deaths: 0.
num_vsnodes_births: 2.
num_vsnodes_deaths: 0.
num_space_committed: 130.
num_space_uncommitted: 0.
num_chunks_returned_to_freelist: 0.
num_chunks_taken_from_freelist: 269.
num_chunk_merges: 0.
num_chunk_splits: 169.
num_chunks_enlarged: 87.
num_inconsistent_stats: 0.

CodeHeap 'non-profiled nmethods': size=120064Kb used=751Kb max_used=751Kb free=119312Kb
 bounds [0x00000296e8e00000, 0x00000296e9070000, 0x00000296f0340000]
CodeHeap 'profiled nmethods': size=120000Kb used=2942Kb max_used=2942Kb free=117057Kb
 bounds [0x00000296e1340000, 0x00000296e1620000, 0x00000296e8870000]
CodeHeap 'non-nmethods': size=5696Kb used=1435Kb max_used=1538Kb free=4260Kb
 bounds [0x00000296e8870000, 0x00000296e8ae0000, 0x00000296e8e00000]
CodeCache: size=245760Kb, used=5128Kb, max_used=5231Kb, free=240629Kb
 total_blobs=2563, nmethods=2026, adapters=443, full_count=0
Compilation: enabled, stopped_count=0, restarted_count=0

Compilation events (20 events):
Event: 0.865 Thread 0x00000296f7dd21f0 2057       2       org.apache.pdfbox.text.PDFTextStripper$PositionWrapper::setLineStart (6 bytes)
Event: 0.865 Thread 0x00000296f7dd21f0 nmethod 2057 0x00000296e161dd08 code [0x00000296e161de20, 0x00000296e161df28]
Event: 0.865 Thread 0x00000296f7dd21f0 2058       2       org.apache.pdfbox.text.PDFTextStripper::handleLineSeparation (64 bytes)
Event: 0.865 Thread 0x00000296f7dd21f0 nmethod 2058 0x00000296e161e008 code [0x00000296e161e1c0, 0x00000296e161e5e8]
Event: 0.895 Thread 0x00000296f7dc92d0 nmethod 1993 0x00000296e8eb9588 code [0x00000296e8eb9760, 0x00000296e8eba5f0]
Event: 0.895 Thread 0x00000296f7dc92d0 2062       4       org.apache.fontbox.cmap.CodespaceRange::isFullMatch (61 bytes)
Event: 0.897 Thread 0x00000296f7dc92d0 nmethod 2062 0x00000296e8eba788 code [0x00000296e8eba8a0, 0x00000296e8ebaa70]
Event: 0.897 Thread 0x00000296f7dc92d0 2065       4       org.apache.fontbox.cmap.CMap::toInt (32 bytes)
Event: 0.898 Thread 0x00000296f7dc92d0 nmethod 2065 0x00000296e8ebaa88 code [0x00000296e8ebab80, 0x00000296e8ebac88]
Event: 0.898 Thread 0x00000296f7dc92d0 2063   !   4       org.apache.pdfbox.pdfparser.BaseParser::parseCOSString (708 bytes)
Event: 0.908 Thread 0x00000296f7dc92d0 nmethod 2063 0x00000296e8ebad88 code [0x00000296e8ebafe0, 0x00000296e8ebbdb0]
Event: 0.908 Thread 0x00000296f7dc92d0 2072       4       org.apache.pdfbox.text.PDFTextStripper::processTextPosition (655 bytes)
Event: 0.928 Thread 0x00000296f7dd21f0 2079       2       org.apache.pdfbox.text.PDFTextStripper$PositionWrapper::setHangingIndent (6 bytes)
Event: 0.928 Thread 0x00000296f7dd21f0 nmethod 2079 0x00000296e161e688 code [0x00000296e161e7a0, 0x00000296e161e8a8]
Event: 0.943 Thread 0x00000296f7dd21f0 2081       2       java.lang.Long::toString (55 bytes)
Event: 0.943 Thread 0x00000296f7dd21f0 nmethod 2081 0x00000296e161e988 code [0x00000296e161eac0, 0x00000296e161ed40]
Event: 0.943 Thread 0x00000296f7dd21f0 2082       2       org.apache.pdfbox.cos.COSFloat::<init> (35 bytes)
Event: 0.943 Thread 0x00000296f7dd21f0 nmethod 2082 0x00000296e161ed88 code [0x00000296e161ef00, 0x00000296e161f408]
Event: 0.943 Thread 0x00000296f7dd21f0 2083       2       java.lang.String::valueOf (5 bytes)
Event: 0.943 Thread 0x00000296f7dd21f0 nmethod 2083 0x00000296e161f488 code [0x00000296e161f5c0, 0x00000296e161f820]

GC Heap History (9 events):
Event: 0.316 GC heap before
{Heap before GC invocations=0 (full 0):
 garbage-first heap   total reserved 4171776K, committed 262144K, used 20480K [0x0000000701600000, 0x0000000800000000)
  region size 2048K, 11 young (22528K), 0 survivors (0K)
 Metaspace       used 4064K, committed 4224K, reserved 1114112K
  class space    used 354K, committed 448K, reserved 1048576K
}
Event: 0.320 GC heap after
{Heap after GC invocations=1 (full 0):
 garbage-first heap   total reserved 4171776K, committed 262144K, used 13386K [0x0000000701600000, 0x0000000800000000)
  region size 2048K, 2 young (4096K), 2 survivors (4096K)
 Metaspace       used 4064K, committed 4224K, reserved 1114112K
  class space    used 354K, committed 448K, reserved 1048576K
}
Event: 0.481 GC heap before
{Heap before GC invocations=1 (full 0):
 garbage-first heap   total reserved 4171776K, committed 262144K, used 25674K [0x0000000701600000, 0x0000000800000000)
  region size 2048K, 8 young (16384K), 2 survivors (4096K)
 Metaspace       used 7341K, committed 7552K, reserved 1114112K
  class space    used 717K, committed 832K, reserved 1048576K
}
Event: 0.484 GC heap after
{Heap after GC invocations=2 (full 0):
 garbage-first heap   total reserved 4171776K, committed 262144K, used 18075K [0x0000000701600000, 0x0000000800000000)
  region size 2048K, 1 young (2048K), 1 survivors (2048K)
 Metaspace       used 7341K, committed 7552K, reserved 1114112K
  class space    used 717K, committed 832K, reserved 1048576K
}
Event: 0.651 GC heap before
{Heap before GC invocations=2 (full 0):
 garbage-first heap   total reserved 4171776K, committed 262144K, used 59035K [0x0000000701600000, 0x0000000800000000)
  region size 2048K, 21 young (43008K), 1 survivors (2048K)
 Metaspace       used 7902K, committed 8128K, reserved 1114112K
  class space    used 753K, committed 896K, reserved 1048576K
}
Event: 0.654 GC heap after
{Heap after GC invocations=3 (full 0):
 garbage-first heap   total reserved 4171776K, committed 262144K, used 21651K [0x0000000701600000, 0x0000000800000000)
  region size 2048K, 3 young (6144K), 3 survivors (6144K)
 Metaspace       used 7902K, committed 8128K, reserved 1114112K
  class space    used 753K, committed 896K, reserved 1048576K
}
Event: 0.768 GC heap before
{Heap before GC invocations=3 (full 0):
 garbage-first heap   total reserved 4171776K, committed 262144K, used 70803K [0x0000000701600000, 0x0000000800000000)
  region size 2048K, 28 young (57344K), 3 survivors (6144K)
 Metaspace       used 8033K, committed 8256K, reserved 1114112K
  class space    used 760K, committed 896K, reserved 1048576K
}
Event: 0.771 GC heap after
{Heap after GC invocations=4 (full 0):
 garbage-first heap   total reserved 4171776K, committed 262144K, used 22839K [0x0000000701600000, 0x0000000800000000)
  region size 2048K, 3 young (6144K), 3 survivors (6144K)
 Metaspace       used 8033K, committed 8256K, reserved 1114112K
  class space    used 760K, committed 896K, reserved 1048576K
}
Event: 0.943 GC heap before
{Heap before GC invocations=4 (full 0):
 garbage-first heap   total reserved 4171776K, committed 262144K, used 106807K [0x0000000701600000, 0x0000000800000000)
  region size 2048K, 44 young (90112K), 3 survivors (6144K)
 Metaspace       used 8044K, committed 8320K, reserved 1114112K
  class space    used 760K, committed 896K, reserved 1048576K
}

Dll operation events (12 events):
Event: 0.008 Loaded shared library C:\Program Files\Java\jdk-23\bin\java.dll
Event: 0.034 Loaded shared library C:\Program Files\Java\jdk-23\bin\jsvml.dll
Event: 0.074 Loaded shared library C:\Program Files\Java\jdk-23\bin\zip.dll
Event: 0.076 Loaded shared library C:\Program Files\Java\jdk-23\bin\instrument.dll
Event: 0.079 Loaded shared library C:\Program Files\Java\jdk-23\bin\net.dll
Event: 0.080 Loaded shared library C:\Program Files\Java\jdk-23\bin\nio.dll
Event: 0.084 Loaded shared library C:\Program Files\Java\jdk-23\bin\zip.dll
Event: 0.113 Loaded shared library C:\Program Files\JetBrains\IntelliJ IDEA Community Edition 2024.2.3\bin\breakgen64.dll
Event: 0.116 Loaded shared library C:\Program Files\Java\jdk-23\bin\jimage.dll
Event: 0.119 Loaded shared library C:\Program Files\Java\jdk-23\bin\extnet.dll
Event: 0.127 Loaded shared library C:\Program Files\Java\jdk-23\bin\verify.dll
Event: 0.223 Loaded shared library C:\Program Files\Java\jdk-23\bin\awt.dll

Deoptimization events (20 events):
Event: 0.611 Thread 0x00000296d6984d70 Uncommon trap: trap_request=0xffffff45 fr.pc=0x00000296e8e5390c relative=0x00000000000000ec
Event: 0.611 Thread 0x00000296d6984d70 Uncommon trap: reason=unstable_if action=reinterpret pc=0x00000296e8e5390c method=java.lang.String.getBytes([BIB)V @ 5 c2
Event: 0.611 Thread 0x00000296d6984d70 DEOPT PACKING pc=0x00000296e8e5390c sp=0x000000f5022fee90
Event: 0.611 Thread 0x00000296d6984d70 DEOPT UNPACKING pc=0x00000296e88c4402 sp=0x000000f5022fee38 mode 2
Event: 0.611 Thread 0x00000296d6984d70 Uncommon trap: trap_request=0xffffff45 fr.pc=0x00000296e8e5407c relative=0x000000000000053c
Event: 0.611 Thread 0x00000296d6984d70 Uncommon trap: reason=unstable_if action=reinterpret pc=0x00000296e8e5407c method=java.lang.AbstractStringBuilder.isLatin1()Z @ 10 c2
Event: 0.611 Thread 0x00000296d6984d70 DEOPT PACKING pc=0x00000296e8e5407c sp=0x000000f5022ff080
Event: 0.611 Thread 0x00000296d6984d70 DEOPT UNPACKING pc=0x00000296e88c4402 sp=0x000000f5022fef88 mode 2
Event: 0.611 Thread 0x00000296d6984d70 Uncommon trap: trap_request=0xffffff45 fr.pc=0x00000296e8e5a56c relative=0x000000000000062c
Event: 0.611 Thread 0x00000296d6984d70 Uncommon trap: reason=unstable_if action=reinterpret pc=0x00000296e8e5a56c method=java.lang.String.substring(II)Ljava/lang/String; @ 31 c2
Event: 0.611 Thread 0x00000296d6984d70 DEOPT PACKING pc=0x00000296e8e5a56c sp=0x000000f5022fef70
Event: 0.611 Thread 0x00000296d6984d70 DEOPT UNPACKING pc=0x00000296e88c4402 sp=0x000000f5022fef40 mode 2
Event: 0.617 Thread 0x00000296d6984d70 Uncommon trap: trap_request=0xffffff45 fr.pc=0x00000296e8e504c4 relative=0x0000000000000504
Event: 0.617 Thread 0x00000296d6984d70 Uncommon trap: reason=unstable_if action=reinterpret pc=0x00000296e8e504c4 method=java.lang.AbstractStringBuilder.isLatin1()Z @ 10 c2
Event: 0.617 Thread 0x00000296d6984d70 DEOPT PACKING pc=0x00000296e8e504c4 sp=0x000000f5022ff010
Event: 0.617 Thread 0x00000296d6984d70 DEOPT UNPACKING pc=0x00000296e88c4402 sp=0x000000f5022fef80 mode 2
Event: 0.857 Thread 0x00000296d6984d70 DEOPT PACKING pc=0x00000296e1600b26 sp=0x000000f5022ff0a0
Event: 0.857 Thread 0x00000296d6984d70 DEOPT UNPACKING pc=0x00000296e88c4b22 sp=0x000000f5022fe5d0 mode 0
Event: 0.864 Thread 0x00000296d6984d70 DEOPT PACKING pc=0x00000296e15dfb1a sp=0x000000f5022feea0
Event: 0.864 Thread 0x00000296d6984d70 DEOPT UNPACKING pc=0x00000296e88c4b22 sp=0x000000f5022fe3d8 mode 0

Classes loaded (20 events):
Event: 0.616 Loading class jdk/internal/icu/impl/Norm2AllModes$ComposeNormalizer2
Event: 0.616 Loading class jdk/internal/icu/impl/Norm2AllModes$Normalizer2WithImpl
Event: 0.616 Loading class jdk/internal/icu/impl/Norm2AllModes$Normalizer2WithImpl done
Event: 0.616 Loading class jdk/internal/icu/impl/Norm2AllModes$ComposeNormalizer2 done
Event: 0.616 Loading class jdk/internal/icu/impl/Norm2AllModes$DecomposeNormalizer2
Event: 0.616 Loading class jdk/internal/icu/impl/Norm2AllModes$DecomposeNormalizer2 done
Event: 0.616 Loading class jdk/internal/icu/impl/NormalizerImpl$UTF16Plus
Event: 0.616 Loading class jdk/internal/icu/impl/NormalizerImpl$UTF16Plus done
Event: 0.616 Loading class jdk/internal/icu/impl/NormalizerImpl$ReorderingBuffer
Event: 0.616 Loading class jdk/internal/icu/impl/NormalizerImpl$ReorderingBuffer done
Event: 0.661 Loading class java/time/ZonedDateTime
Event: 0.661 Loading class java/time/chrono/ChronoZonedDateTime
Event: 0.661 Loading class java/time/chrono/ChronoZonedDateTime done
Event: 0.661 Loading class java/time/ZonedDateTime done
Event: 0.661 Loading class java/time/temporal/TemporalAdjusters
Event: 0.661 Loading class java/time/temporal/TemporalAdjusters done
Event: 0.662 Loading class java/time/Year
Event: 0.662 Loading class java/time/Year done
Event: 0.662 Loading class java/time/ZonedDateTime$1
Event: 0.662 Loading class java/time/ZonedDateTime$1 done

Classes unloaded (0 events):
No events

Classes redefined (0 events):
No events

Internal exceptions (8 events):
Event: 0.109 Thread 0x00000296d6984d70 Exception <a 'java/lang/NoSuchMethodError'{0x00000007110ac8e8}: 'java.lang.Object java.lang.invoke.Invokers$Holder.invokeExact_MT(java.lang.Object, java.lang.Object, java.lang.Object, java.lang.Object, java.lang.Object)'> (0x00000007110ac8e8) 
thrown [s\open\src\hotspot\share\interpreter\linkResolver.cpp, line 796]
Event: 0.120 Thread 0x00000296c536efa0 Exception <a 'java/lang/NoSuchMethodError'{0x000000071110ce80}: 'void java.lang.invoke.DirectMethodHandle$Holder.invokeStatic(java.lang.Object, java.lang.Object)'> (0x000000071110ce80) 
thrown [s\open\src\hotspot\share\interpreter\linkResolver.cpp, line 796]
Event: 0.169 Thread 0x00000296d6984d70 Exception <a 'java/lang/NoSuchMethodError'{0x0000000710f674d8}: 'java.lang.Object java.lang.invoke.DirectMethodHandle$Holder.invokeSpecial(java.lang.Object, java.lang.Object, java.lang.Object, long, java.lang.Object)'> (0x0000000710f674d8) 
thrown [s\open\src\hotspot\share\interpreter\linkResolver.cpp, line 796]
Event: 0.169 Thread 0x00000296d6984d70 Exception <a 'java/lang/NoSuchMethodError'{0x0000000710f6ae50}: 'java.lang.Object java.lang.invoke.Invokers$Holder.linkToTargetMethod(java.lang.Object, long, java.lang.Object, java.lang.Object)'> (0x0000000710f6ae50) 
thrown [s\open\src\hotspot\share\interpreter\linkResolver.cpp, line 796]
Event: 0.185 Thread 0x00000296d6984d70 Exception <a 'java/lang/ClassNotFoundException'{0x0000000710f9e210}: javax/smartcardio/CardPermission> (0x0000000710f9e210) 
thrown [s\open\src\hotspot\share\classfile\systemDictionary.cpp, line 313]
Event: 0.188 Thread 0x00000296d6984d70 Exception <a 'java/io/FileNotFoundException'{0x0000000710fac468}> (0x0000000710fac468) 
thrown [s\open\src\hotspot\share\prims\jni.cpp, line 520]
Event: 0.389 Thread 0x00000296d6984d70 Exception <a 'java/lang/NoSuchMethodError'{0x00000007111a8cb0}: 'java.lang.Object java.lang.invoke.DirectMethodHandle$Holder.invokeInterface(java.lang.Object, java.lang.Object)'> (0x00000007111a8cb0) 
thrown [s\open\src\hotspot\share\interpreter\linkResolver.cpp, line 796]
Event: 0.661 Thread 0x00000296d6984d70 Exception <a 'java/lang/NoSuchMethodError'{0x0000000711259ee8}: 'java.lang.Object java.lang.invoke.DirectMethodHandle$Holder.invokeStatic(java.lang.Object, int, java.lang.Object)'> (0x0000000711259ee8) 
thrown [s\open\src\hotspot\share\interpreter\linkResolver.cpp, line 796]

VM Operations (20 events):
Event: 0.378 Executing VM operation: HandshakeAllThreads (Deoptimize) done
Event: 0.379 Executing VM operation: HandshakeAllThreads (Deoptimize)
Event: 0.379 Executing VM operation: HandshakeAllThreads (Deoptimize) done
Event: 0.388 Executing VM operation: HandshakeAllThreads (Deoptimize)
Event: 0.388 Executing VM operation: HandshakeAllThreads (Deoptimize) done
Event: 0.429 Executing VM operation: HandshakeAllThreads (Deoptimize)
Event: 0.429 Executing VM operation: HandshakeAllThreads (Deoptimize) done
Event: 0.481 Executing VM operation: G1CollectForAllocation (G1 Evacuation Pause)
Event: 0.484 Executing VM operation: G1CollectForAllocation (G1 Evacuation Pause) done
Event: 0.542 Executing VM operation: HandshakeAllThreads (Deoptimize)
Event: 0.542 Executing VM operation: HandshakeAllThreads (Deoptimize) done
Event: 0.615 Executing VM operation: HandshakeAllThreads (Deoptimize)
Event: 0.615 Executing VM operation: HandshakeAllThreads (Deoptimize) done
Event: 0.616 Executing VM operation: HandshakeAllThreads (Deoptimize)
Event: 0.616 Executing VM operation: HandshakeAllThreads (Deoptimize) done
Event: 0.651 Executing VM operation: G1CollectForAllocation (G1 Evacuation Pause)
Event: 0.654 Executing VM operation: G1CollectForAllocation (G1 Evacuation Pause) done
Event: 0.768 Executing VM operation: G1CollectForAllocation (G1 Evacuation Pause)
Event: 0.771 Executing VM operation: G1CollectForAllocation (G1 Evacuation Pause) done
Event: 0.943 Executing VM operation: G1CollectForAllocation (G1 Evacuation Pause)

Memory protections (0 events):
No events

Nmethod flushes (0 events):
No events

Events (13 events):
Event: 0.023 Thread 0x00000296d6984d70 Thread added: 0x00000296d6984d70
Event: 0.031 Thread 0x00000296d6984d70 Thread added: 0x00000296f7dbfa10
Event: 0.031 Thread 0x00000296d6984d70 Thread added: 0x00000296f7dc17e0
Event: 0.031 Thread 0x00000296d6984d70 Thread added: 0x00000296f7dc3380
Event: 0.031 Thread 0x00000296d6984d70 Thread added: 0x00000296f7dc6140
Event: 0.032 Thread 0x00000296d6984d70 Thread added: 0x00000296f7dc7340
Event: 0.032 Thread 0x00000296d6984d70 Thread added: 0x00000296f7dc7da0
Event: 0.032 Thread 0x00000296d6984d70 Thread added: 0x00000296f7dc92d0
Event: 0.032 Thread 0x00000296d6984d70 Thread added: 0x00000296f7dd21f0
Event: 0.061 Thread 0x00000296d6984d70 Thread added: 0x00000296c50ea720
Event: 0.099 Thread 0x00000296f7dc92d0 Thread added: 0x00000296c53df900
Event: 0.113 Thread 0x00000296d6984d70 Thread added: 0x00000296c536efa0
Event: 0.113 Thread 0x00000296d6984d70 Thread added: 0x00000296c54050c0


Dynamic libraries:
0x00007ff7129b0000 - 0x00007ff7129c0000 	C:\Program Files\Java\jdk-23\bin\java.exe
0x00007ff9c0a70000 - 0x00007ff9c0c68000 	C:\Windows\SYSTEM32\ntdll.dll
0x00007ff9c0960000 - 0x00007ff9c0a22000 	C:\Windows\System32\KERNEL32.DLL
0x00007ff9be2e0000 - 0x00007ff9be5de000 	C:\Windows\System32\KERNELBASE.dll
0x00007ff9be7c0000 - 0x00007ff9be8c0000 	C:\Windows\System32\ucrtbase.dll
0x00007ff9b9270000 - 0x00007ff9b9287000 	C:\Program Files\Java\jdk-23\bin\jli.dll
0x00007ff9bec10000 - 0x00007ff9bedad000 	C:\Windows\System32\USER32.dll
0x00007ff9be700000 - 0x00007ff9be722000 	C:\Windows\System32\win32u.dll
0x00007ff9beb70000 - 0x00007ff9beb9b000 	C:\Windows\System32\GDI32.dll
0x00007ff9be5e0000 - 0x00007ff9be6f7000 	C:\Windows\System32\gdi32full.dll
0x00007ff9be110000 - 0x00007ff9be1ad000 	C:\Windows\System32\msvcp_win.dll
0x00007ff9a7660000 - 0x00007ff9a78fa000 	C:\Windows\WinSxS\amd64_microsoft.windows.common-controls_6595b64144ccf1df_6.0.19041.4355_none_60b8b9eb71f62e16\COMCTL32.dll
0x00007ff9bedb0000 - 0x00007ff9bee4e000 	C:\Windows\System32\msvcrt.dll
0x00007ff9b8520000 - 0x00007ff9b853b000 	C:\Program Files\Java\jdk-23\bin\VCRUNTIME140.dll
0x00007ff9c02a0000 - 0x00007ff9c02cf000 	C:\Windows\System32\IMM32.DLL
0x00007ff9ba6c0000 - 0x00007ff9ba6cc000 	C:\Program Files\Java\jdk-23\bin\vcruntime140_1.dll
0x00007ff9a6360000 - 0x00007ff9a63ee000 	C:\Program Files\Java\jdk-23\bin\msvcp140.dll
0x00007ff8ef8f0000 - 0x00007ff8f063f000 	C:\Program Files\Java\jdk-23\bin\server\jvm.dll
0x00007ff9c08a0000 - 0x00007ff9c0952000 	C:\Windows\System32\ADVAPI32.dll
0x00007ff9bfe70000 - 0x00007ff9bff10000 	C:\Windows\System32\sechost.dll
0x00007ff9c02d0000 - 0x00007ff9c03f3000 	C:\Windows\System32\RPCRT4.dll
0x00007ff9be1b0000 - 0x00007ff9be1d7000 	C:\Windows\System32\bcrypt.dll
0x00007ff9c0400000 - 0x00007ff9c046b000 	C:\Windows\System32\WS2_32.dll
0x00007ff9bd650000 - 0x00007ff9bd69b000 	C:\Windows\SYSTEM32\POWRPROF.dll
0x00007ff9ab220000 - 0x00007ff9ab247000 	C:\Windows\SYSTEM32\WINMM.dll
0x00007ff9b73e0000 - 0x00007ff9b73ea000 	C:\Windows\SYSTEM32\VERSION.dll
0x00007ff9bd510000 - 0x00007ff9bd522000 	C:\Windows\SYSTEM32\UMPDC.dll
0x00007ff9bc950000 - 0x00007ff9bc962000 	C:\Windows\SYSTEM32\kernel.appcore.dll
0x00007ff9ba060000 - 0x00007ff9ba06a000 	C:\Program Files\Java\jdk-23\bin\jimage.dll
0x00007ff9bc5c0000 - 0x00007ff9bc7a4000 	C:\Windows\SYSTEM32\DBGHELP.DLL
0x00007ff992750000 - 0x00007ff992784000 	C:\Windows\SYSTEM32\dbgcore.DLL
0x00007ff9be730000 - 0x00007ff9be7b2000 	C:\Windows\System32\bcryptPrimitives.dll
0x00007ff9b85f0000 - 0x00007ff9b85ff000 	C:\Program Files\Java\jdk-23\bin\instrument.dll
0x00007ff9b84d0000 - 0x00007ff9b84ee000 	C:\Program Files\Java\jdk-23\bin\java.dll
0x00007ff9bff10000 - 0x00007ff9c003b000 	C:\Windows\System32\ole32.dll
0x00007ff9c0470000 - 0x00007ff9c07c3000 	C:\Windows\System32\combase.dll
0x00007ff9bf570000 - 0x00007ff9bfcdf000 	C:\Windows\System32\SHELL32.dll
0x00007ff9bbe10000 - 0x00007ff9bc5b4000 	C:\Windows\SYSTEM32\windows.storage.dll
0x00007ff9bdb40000 - 0x00007ff9bdb6e000 	C:\Windows\SYSTEM32\Wldp.dll
0x00007ff9c07d0000 - 0x00007ff9c089d000 	C:\Windows\System32\OLEAUT32.dll
0x00007ff9bfdc0000 - 0x00007ff9bfe6d000 	C:\Windows\System32\SHCORE.dll
0x00007ff9beba0000 - 0x00007ff9bebf5000 	C:\Windows\System32\shlwapi.dll
0x00007ff9be040000 - 0x00007ff9be064000 	C:\Windows\SYSTEM32\profapi.dll
0x00007ff9a0640000 - 0x00007ff9a0717000 	C:\Program Files\Java\jdk-23\bin\jsvml.dll
0x00007ff9b84b0000 - 0x00007ff9b84c7000 	C:\Program Files\Java\jdk-23\bin\zip.dll
0x00007ff9b85c0000 - 0x00007ff9b85d0000 	C:\Program Files\Java\jdk-23\bin\net.dll
0x00007ff9bd8a0000 - 0x00007ff9bd90a000 	C:\Windows\system32\mswsock.dll
0x00007ff9b78d0000 - 0x00007ff9b78e6000 	C:\Program Files\Java\jdk-23\bin\nio.dll
0x00007ff9b6ee0000 - 0x00007ff9b6efa000 	C:\Program Files\JetBrains\IntelliJ IDEA Community Edition 2024.2.3\bin\breakgen64.dll
0x00007ff9b82d0000 - 0x00007ff9b82d9000 	C:\Program Files\Java\jdk-23\bin\extnet.dll
0x00007ff9b6ed0000 - 0x00007ff9b6ee0000 	C:\Program Files\Java\jdk-23\bin\verify.dll
0x00007ff987ee0000 - 0x00007ff98806e000 	C:\Program Files\Java\jdk-23\bin\awt.dll
0x00007ff9b8fb0000 - 0x00007ff9b9044000 	C:\Windows\SYSTEM32\apphelp.dll

dbghelp: loaded successfully - version: 4.0.5 - missing functions: none
symbol engine: initialized successfully - sym options: 0x614 - pdb path: .;C:\Program Files\Java\jdk-23\bin;C:\Windows\SYSTEM32;C:\Windows\WinSxS\amd64_microsoft.windows.common-controls_6595b64144ccf1df_6.0.19041.4355_none_60b8b9eb71f62e16;C:\Program Files\Java\jdk-23\bin\server;C:\Program Files\JetBrains\IntelliJ IDEA Community Edition 2024.2.3\bin

VM Arguments:
jvm_args: -javaagent:C:\Program Files\JetBrains\IntelliJ IDEA Community Edition 2024.2.3\lib\idea_rt.jar=62223:C:\Program Files\JetBrains\IntelliJ IDEA Community Edition 2024.2.3\bin -Dfile.encoding=UTF-8 -Dsun.stdout.encoding=UTF-8 -Dsun.stderr.encoding=UTF-8 
java_command: org.example.Main
java_class_path (initial): D:\Group1Project\Group1Project\target\classes;D:\Group1Project\Group1Project\target\org\apache\pdfbox\pdfbox\2.0.28\pdfbox-2.0.28.jar;D:\Group1Project\Group1Project\target\org\apache\pdfbox\fontbox\2.0.28\fontbox-2.0.28.jar;D:\Group1Project\Group1Project\target\commons-logging\commons-logging\1.2\commons-logging-1.2.jar;D:\Group1Project\Group1Project\target\org\springframework\boot\spring-boot-starter-web\3.1.4\spring-boot-starter-web-3.1.4.jar;D:\Group1Project\Group1Project\target\org\springframework\boot\spring-boot-starter\3.1.4\spring-boot-starter-3.1.4.jar;D:\Group1Project\Group1Project\target\org\springframework\boot\spring-boot\3.1.4\spring-boot-3.1.4.jar;D:\Group1Project\Group1Project\target\org\springframework\boot\spring-boot-autoconfigure\3.1.4\spring-boot-autoconfigure-3.1.4.jar;D:\Group1Project\Group1Project\target\org\springframework\boot\spring-boot-starter-logging\3.1.4\spring-boot-starter-logging-3.1.4.jar;D:\Group1Project\Group1Project\target\ch\qos\logback\logback-classic\1.4.11\logback-classic-1.4.11.jar;D:\Group1Project\Group1Project\target\ch\qos\logback\logback-core\1.4.11\logback-core-1.4.11.jar;D:\Group1Project\Group1Project\target\org\slf4j\slf4j-api\2.0.9\slf4j-api-2.0.9.jar;D:\Group1Project\Group1Project\target\org\apache\logging\log4j\log4j-to-slf4j\2.20.0\log4j-to-slf4j-2.20.0.jar;D:\Group1Project\Group1Project\target\org\apache\logging\log4j\log4j-api\2.20.0\log4j-api-2.20.0.jar;D:\Group1Project\Group1Project\target\org\slf4j\jul-to-slf4j\2.0.9\jul-to-slf4j-2.0.9.jar;D:\Group1Project\Group1Project\target\jakarta\annotation\jakarta.annotation-api\2.1.1\jakarta.annotation-api-2.1.1.jar;D:\Group1Project\Group1Project\target\org\springframework\spring-core\6.0.12\spring-core-6.0.12.jar;D:\Group1Project\Group1Project\target\org\springframework\spring-jcl\6.0.12\spring-jcl-6.0.12.jar;D:\Group1Project\Group1Project\target\org\yaml\snakeyaml\1.33\snakeyaml-1.33.jar;D:\Group1Project\Group1Project\target\org\springframework\boot\spring-boot-starter-json\3.1.4\spring-boot-starter-json-3.1.4.jar;D:\Group1Project\Group1Project\target\com\fasterxml\jackson\core\jackson-databind\2.15.2\jackson-databind-2.15.2.jar;D:\Group1Project\Group1Project\target\com\fasterxml\jackson\core\jackson-annotations\2.15.2\jackson-annotations-2.15.2.jar;D:\Group1Project\Group1Project\target\com\fasterxml\jackson\core\jackson-core\2.15.2\jackson-core-2.15.2.jar;D:\Group1Project\Group1Project\target\com\fasterxml\jackson\datatype\jackson-datatype-jdk8\2.15.2\jackson-datatype-jdk8-2.15.2.jar;D:\Group1Project\Group1Project\target\com\fasterxml\jackson\datatype\jackson-datatype-jsr310\2.15.2\jackson-datatype-jsr310-2.15.2.jar;D:\Group1Project\Group1Project\target\com\fasterxml\jackson\module\jackson-module-parameter-names\2.15.2\jackson-module-parameter-names-2.15.2.jar;D:\Group1Project\Group1Project\target\org\springframework\boot\spring-boot-starter-tomcat\3.1.4\spring-boot-starter-tomcat-3.1.4.jar;D:\Group1Project\Group1Project\target\org\apache\tomcat\embed\tomcat-embed-core\10.1.13\tomcat-embed-core-10.1.13.jar;D:\Group1Project\Group1Project\target\org\apache\tomcat\embed\tomcat-embed-el\10.1.13\tomcat-embed-el-10.1.13.jar;D:\Group1Project\Group1Project\target\org\apache\tomcat\embed\tomcat-embed-websocket\10.1.13\tomcat-embed-websocket-10.1.13.jar;D:\Group1Project\Group1Project\target\org\springframework\spring-web\6.0.12\spring-web-6.0.12.jar;D:\Group1Project\Group1Project\target\org\springframework\spring-beans\6.0.12\spring-beans-6.0.12.jar;D:\Group1Project\Group1Project\target\io\micrometer\micrometer-observation\1.11.4\micrometer-observation-1.11.4.jar;D:\Group1Project\Group1Project\target\io\micrometer\micrometer-commons\1.11.4\micrometer-commons-1.11.4.jar;D:\Group1Project\Group1Project\target\org\springframework\spring-webmvc\6.0.12\spring-webmvc-6.0.12.jar;D:\Group1Project\Group1Project\target\org\springframework\spring-aop\6.0.12\spring-aop-6.0.12.jar;D:\Group1Project\Group1Project\target\org\springframework\spring-context\6.0.12\spring-context-6.0.12.jar;D:\Group1Project\Group1Project\target\org\springframework\spring-expression\6.0.12\spring-expression-6.0.12.jar
Launcher Type: SUN_STANDARD

[Global flags]
     intx CICompilerCount                          = 3                                         {product} {ergonomic}
     uint ConcGCThreads                            = 2                                         {product} {ergonomic}
     uint G1ConcRefinementThreads                  = 6                                         {product} {ergonomic}
   size_t G1HeapRegionSize                         = 2097152                                   {product} {ergonomic}
   size_t InitialHeapSize                          = 268435456                                 {product} {ergonomic}
   size_t MarkStackSize                            = 4194304                                   {product} {ergonomic}
   size_t MarkStackSizeMax                         = 536870912                                 {product} {ergonomic}
   size_t MaxHeapSize                              = 4271898624                                {product} {ergonomic}
   size_t MaxNewSize                               = 2562719744                                {product} {ergonomic}
   size_t MinHeapDeltaBytes                        = 2097152                                   {product} {ergonomic}
   size_t MinHeapSize                              = 8388608                                   {product} {ergonomic}
    uintx NonNMethodCodeHeapSize                   = 5832704                                {pd product} {ergonomic}
    uintx NonProfiledCodeHeapSize                  = 122945536                              {pd product} {ergonomic}
    uintx ProfiledCodeHeapSize                     = 122880000                              {pd product} {ergonomic}
    uintx ReservedCodeCacheSize                    = 251658240                              {pd product} {ergonomic}
     bool SegmentedCodeCache                       = true                                      {product} {ergonomic}
   size_t SoftMaxHeapSize                          = 4271898624                             {manageable} {ergonomic}
     bool UseCompressedOops                        = true                           {product lp64_product} {ergonomic}
     bool UseG1GC                                  = true                                      {product} {ergonomic}
     bool UseLargePagesIndividualAllocation        = false                                  {pd product} {ergonomic}

Logging:
Log output configuration:
 #0: stdout all=warning uptime,level,tags foldmultilines=false
 #1: stderr all=off uptime,level,tags foldmultilines=false

Environment Variables:
JAVA_HOME=C:\Program Files\Java\jdk-23
PATH=C:\Program Files\Common Files\Oracle\Java\javapath;C:\Program Files (x86)\Common Files\Oracle\Java\java8path;C:\Program Files (x86)\Common Files\Oracle\Java\javapath;C:\Windows\system32;C:\Windows;C:\Windows\System32\Wbem;C:\Windows\System32\WindowsPowerShell\v1.0\;C:\Windows\System32\OpenSSH\;C:\Program Files\NVIDIA Corporation\NVIDIA NvDLISR;C:\Program Files (x86)\NVIDIA Corporation\PhysX\Common;C:\Program Files\Java\jdk-15.0.1\bin;C:\Program Files\apache-maven-3.6.3\bin;C:\Program Files\dotnet\;C:\Users\Joshua\AppData\Local\Programs\Python;C:\Program Files\PuTTY\;C:\Program Files\WorldPainter;C:\Program Files\Docker\Docker\resources\bin;C:\ProgramData\DockerDesktop\version-bin;C:\Program Files\Amazon\AWSCLIV2\;C:\Program Files\Git\cmd;C:\Program Files\MATLAB\R2023b\bin;C:\Users\Joshua\AppData\Local\Programs\Python\Python38\Scripts\;C:\Users\Joshua\AppData\Local\Programs\Python\Python38\;C:\Users\Joshua\AppData\Local\Microsoft\WindowsApps;C:\Users\Joshua\.dotnet\tools;C:\Users\Joshua\AppData\Local\GitHubDesktop\bin;C:\Users\Joshua\Music\ffmpeg-2024-01-28-git-e0da916b8f-full_build\bin;C:\php-8.3.12;
USERNAME=Joshua
OS=Windows_NT
PROCESSOR_IDENTIFIER=Intel64 Family 6 Model 158 Stepping 13, GenuineIntel
TMP=C:\Users\Joshua\AppData\Local\Temp
TEMP=C:\Users\Joshua\AppData\Local\Temp




Periodic native trim disabled

---------------  S Y S T E M  ---------------

OS:
 Windows 10 , 64 bit Build 19041 (10.0.19041.4957)
OS uptime: 11 days 16:39 hours

CPU: total 6 (initial active 6) (6 cores per cpu, 1 threads per core) family 6 model 158 stepping 13 microcode 0xcc, cx8, cmov, fxsr, mmx, 3dnowpref, sse, sse2, sse3, ssse3, sse4.1, sse4.2, popcnt, lzcnt, tsc, tscinvbit, avx, avx2, aes, erms, clmul, bmi1, bmi2, adx, fma, vzeroupper, clflush, clflushopt, rdtscp, f16c
Processor Information for the first 6 processors :
  Max Mhz: 3696, Current Mhz: 3696, Mhz Limit: 3696

Memory: 4k page, system-wide physical 16291M (3873M free)
TotalPageFile size 36291M (AvailPageFile size 40M)
current process WorkingSet (physical memory assigned to process): 188M, peak: 188M
current process commit charge ("private bytes"): 377M, peak: 426M

vm_info: Java HotSpot(TM) 64-Bit Server VM (23+37-2369) for windows-amd64 JRE (23+37-2369), built on 2024-08-20T16:01:23Z with MS VC++ 17.6 (VS2022)

END.
